[2021-10-29T16:01:31.226] [INFO] default - getting current rooms sessions
[2021-10-29T16:01:31.226] [INFO] default - sending open rooms sessions
[2021-10-29T16:01:31.226] [INFO] default - the user: sml8HfS1PhCvCyDVAAAZ has disconnecting
[2021-10-29T16:19:15.522] [INFO] default - the user: _DpJOkAAZJJvxU_lAAAb has connected
[2021-10-29T16:19:15.522] [INFO] default - getting current rooms sessions
[2021-10-29T16:19:15.523] [INFO] default - sending open rooms sessions
[2021-10-29T16:19:19.234] [INFO] default - the user: _DpJOkAAZJJvxU_lAAAb has join the room: 6b494cea-ab11-466f-89fc-607e2230b49c
[2021-10-29T16:19:19.235] [INFO] default - getting current rooms sessions
[2021-10-29T16:19:19.235] [INFO] default - getting current rooms sessions
[2021-10-29T16:19:19.235] [INFO] default - sending open rooms sessions
[2021-10-29T16:24:48.087] [INFO] default - the user: _DpJOkAAZJJvxU_lAAAb has left the room: _DpJOkAAZJJvxU_lAAAb
[2021-10-29T16:24:48.087] [INFO] default - the user: _DpJOkAAZJJvxU_lAAAb has left the room: 6b494cea-ab11-466f-89fc-607e2230b49c
[2021-10-29T16:24:48.087] [INFO] default - getting current rooms sessions
[2021-10-29T16:24:48.087] [INFO] default - sending open rooms sessions
[2021-10-29T16:24:50.734] [INFO] default - getting current rooms sessions
[2021-10-29T16:24:50.734] [INFO] default - sending open rooms sessions
[2021-10-29T16:24:50.735] [INFO] default - the user: _DpJOkAAZJJvxU_lAAAb has disconnecting
[2021-10-29T16:24:50.899] [INFO] default - the user: PrMZn8Q6xcxVyB9eAAAd has connected
[2021-10-29T16:24:50.899] [INFO] default - getting current rooms sessions
[2021-10-29T16:24:50.899] [INFO] default - sending open rooms sessions
[2021-10-29T16:26:32.223] [INFO] default - socket services loaded
[2021-10-29T16:26:32.227] [INFO] default - server stated, port: 3001
[2021-10-29T16:26:32.455] [INFO] default - the user: YVNjmxS7rx_LWUwqAAAB has connected
[2021-10-29T16:26:32.455] [INFO] default - getting current rooms sessions
[2021-10-29T16:26:32.456] [INFO] default - sending open rooms sessions
[2021-10-29T16:26:32.826] [INFO] default - the user: zpW0zU5SwD9uQ8EEAAAD has connected
[2021-10-29T16:26:32.827] [INFO] default - getting current rooms sessions
[2021-10-29T16:26:32.827] [INFO] default - sending open rooms sessions
[2021-10-29T16:26:34.522] [INFO] default - the user: GrR6ua5ZSRe4Oj_GAAAF has connected
[2021-10-29T16:26:34.522] [INFO] default - getting current rooms sessions
[2021-10-29T16:26:34.523] [INFO] default - sending open rooms sessions
[2021-10-29T16:26:34.532] [INFO] default - the user: 1U1uQcvVws_OxbQPAAAI has connected
[2021-10-29T16:26:34.532] [INFO] default - getting current rooms sessions
[2021-10-29T16:26:34.533] [INFO] default - sending open rooms sessions
[2021-10-29T16:26:34.537] [INFO] default - the user: 8sv8wFkeJHr51k2nAAAK has connected
[2021-10-29T16:26:34.538] [INFO] default - getting current rooms sessions
[2021-10-29T16:26:34.538] [INFO] default - sending open rooms sessions
[2021-10-29T16:26:34.539] [INFO] default - the user: ZkLvnu3Ww_Kte5OSAAAL has connected
[2021-10-29T16:26:34.539] [INFO] default - getting current rooms sessions
[2021-10-29T16:26:34.540] [INFO] default - sending open rooms sessions
[2021-10-29T16:26:34.747] [INFO] default - the user: weTL9_JSVRgCf0FgAAAN has connected
[2021-10-29T16:26:34.747] [INFO] default - getting current rooms sessions
[2021-10-29T16:26:34.747] [INFO] default - sending open rooms sessions
[2021-10-29T16:26:35.045] [INFO] default - the user: dYIm0kejOSpByNyTAAAP has connected
[2021-10-29T16:26:35.045] [INFO] default - getting current rooms sessions
[2021-10-29T16:26:35.046] [INFO] default - sending open rooms sessions
[2021-10-29T16:26:39.081] [INFO] default - the user: 3wubFA0IhubXky4JAAAR has connected
[2021-10-29T16:26:39.081] [INFO] default - getting current rooms sessions
[2021-10-29T16:26:39.082] [INFO] default - sending open rooms sessions
[2021-10-29T16:26:39.369] [INFO] default - the user: SGNBKFpvyCHs03RfAAAT has connected
[2021-10-29T16:26:39.369] [INFO] default - getting current rooms sessions
[2021-10-29T16:26:39.369] [INFO] default - sending open rooms sessions
[2021-10-29T16:26:43.332] [INFO] default - socket services loaded
[2021-10-29T16:26:43.337] [INFO] default - server stated, port: 3001
[2021-10-29T16:26:43.729] [INFO] default - the user: h1ZcY9_MlnK25zCiAAAB has connected
[2021-10-29T16:26:43.730] [INFO] default - getting current rooms sessions
[2021-10-29T16:26:43.731] [INFO] default - sending open rooms sessions
[2021-10-29T16:26:44.766] [INFO] default - the user: ZKh_4FlsQfoTer9YAAAD has connected
[2021-10-29T16:26:44.766] [INFO] default - getting current rooms sessions
[2021-10-29T16:26:44.766] [INFO] default - sending open rooms sessions
[2021-10-29T16:26:49.156] [INFO] default - getting current rooms sessions
[2021-10-29T16:26:49.157] [INFO] default - sending open rooms sessions
[2021-10-29T16:26:49.157] [INFO] default - the user: ZKh_4FlsQfoTer9YAAAD has disconnecting
[2021-10-29T16:26:49.378] [INFO] default - the user: MZPnLHolzlCfNji7AAAF has connected
[2021-10-29T16:26:49.378] [INFO] default - getting current rooms sessions
[2021-10-29T16:26:49.379] [INFO] default - sending open rooms sessions
[2021-10-29T16:27:15.434] [INFO] default - getting current rooms sessions
[2021-10-29T16:27:15.436] [INFO] default - sending open rooms sessions
[2021-10-29T16:27:15.436] [INFO] default - the user: MZPnLHolzlCfNji7AAAF has disconnecting
[2021-10-29T16:27:39.308] [INFO] default - the user: lX3mj2hommN-irRMAAAH has connected
[2021-10-29T16:27:39.308] [INFO] default - getting current rooms sessions
[2021-10-29T16:27:39.309] [INFO] default - sending open rooms sessions
[2021-10-29T16:28:15.663] [INFO] default - the user: mJCc9-4or5CAAvcHAAAJ has connected
[2021-10-29T16:28:15.664] [INFO] default - getting current rooms sessions
[2021-10-29T16:28:15.664] [INFO] default - sending open rooms sessions
[2021-10-29T16:29:23.233] [INFO] default - getting current rooms sessions
[2021-10-29T16:29:23.233] [INFO] default - sending open rooms sessions
[2021-10-29T16:29:23.233] [INFO] default - the user: mJCc9-4or5CAAvcHAAAJ has disconnecting
[2021-10-29T16:29:53.997] [INFO] default - socket services loaded
[2021-10-29T16:29:54.001] [INFO] default - server stated, port: 3001
[2021-10-29T16:29:55.241] [INFO] default - the user: 7pHxUu9cE41sGQGaAAAB has connected
[2021-10-29T16:29:55.241] [INFO] default - getting current rooms sessions
[2021-10-29T16:29:55.242] [INFO] default - sending open rooms sessions
[2021-10-29T16:29:57.677] [INFO] default - socket services loaded
[2021-10-29T16:29:57.680] [INFO] default - server stated, port: 3001
[2021-10-29T16:29:58.237] [INFO] default - the user: adLkFj3EptBtJ7x6AAAB has connected
[2021-10-29T16:29:58.237] [INFO] default - getting current rooms sessions
[2021-10-29T16:29:58.238] [INFO] default - sending open rooms sessions
[2021-10-29T16:30:01.607] [INFO] default - socket services loaded
[2021-10-29T16:30:01.608] [INFO] default - server stated, port: 3001
[2021-10-29T16:30:02.633] [INFO] default - the user: KsRn4PmaRbkhFxX_AAAB has connected
[2021-10-29T16:30:02.633] [INFO] default - getting current rooms sessions
[2021-10-29T16:30:02.634] [INFO] default - sending open rooms sessions
[2021-10-29T16:30:13.180] [INFO] default - getting current rooms sessions
[2021-10-29T16:30:13.181] [INFO] default - sending open rooms sessions
[2021-10-29T16:30:13.181] [INFO] default - the user: KsRn4PmaRbkhFxX_AAAB has disconnecting
[2021-10-29T16:30:17.638] [INFO] default - the user: V0haAMtWZFTWdSOeAAAE has connected
[2021-10-29T16:30:17.638] [INFO] default - getting current rooms sessions
[2021-10-29T16:30:17.639] [INFO] default - sending open rooms sessions
[2021-10-29T16:30:17.640] [INFO] default - the user: ezZCq4hcsxozdoIpAAAF has connected
[2021-10-29T16:30:17.641] [INFO] default - getting current rooms sessions
[2021-10-29T16:30:17.641] [INFO] default - sending open rooms sessions
[2021-10-29T16:30:20.613] [INFO] default - the user: z3RQkYUar0LW-vZ7AAAH has connected
[2021-10-29T16:30:20.613] [INFO] default - getting current rooms sessions
[2021-10-29T16:30:20.614] [INFO] default - sending open rooms sessions
[2021-10-29T16:30:20.624] [INFO] default - the user: 5Fr-FIz4MCmq8BU4AAAJ has connected
[2021-10-29T16:30:20.624] [INFO] default - getting current rooms sessions
[2021-10-29T16:30:20.624] [INFO] default - sending open rooms sessions
[2021-10-29T16:30:20.799] [INFO] default - the user: h3Kzx2stPmSJAzD-AAAL has connected
[2021-10-29T16:30:20.799] [INFO] default - getting current rooms sessions
[2021-10-29T16:30:20.800] [INFO] default - sending open rooms sessions
[2021-10-29T16:30:21.234] [INFO] default - the user: 3_OYmqcKLvkqdA9ZAAAN has connected
[2021-10-29T16:30:21.234] [INFO] default - getting current rooms sessions
[2021-10-29T16:30:21.235] [INFO] default - sending open rooms sessions
[2021-10-29T16:30:21.657] [INFO] default - the user: it4M1RGmiRxWg40RAAAP has connected
[2021-10-29T16:30:21.657] [INFO] default - getting current rooms sessions
[2021-10-29T16:30:21.658] [INFO] default - sending open rooms sessions
[2021-10-29T16:30:21.679] [INFO] default - the user: qhRxRVumP3KB4xLFAAAR has connected
[2021-10-29T16:30:21.679] [INFO] default - getting current rooms sessions
[2021-10-29T16:30:21.680] [INFO] default - sending open rooms sessions
[2021-10-29T16:30:24.838] [INFO] default - socket services loaded
[2021-10-29T16:30:24.840] [INFO] default - server stated, port: 3001
[2021-10-29T16:30:28.124] [INFO] default - the user: VWeE4v6TM2wo5_vFAAAB has connected
[2021-10-29T16:30:28.125] [INFO] default - getting current rooms sessions
[2021-10-29T16:30:28.126] [INFO] default - sending open rooms sessions
[2021-10-29T16:30:28.130] [INFO] default - the user: nrQfCqPFEx8sFMfrAAAD has connected
[2021-10-29T16:30:28.131] [INFO] default - getting current rooms sessions
[2021-10-29T16:30:28.131] [INFO] default - sending open rooms sessions
[2021-10-29T16:30:28.609] [INFO] default - the user: Cs0F1YrkYDqjek1XAAAF has connected
[2021-10-29T16:30:28.609] [INFO] default - getting current rooms sessions
[2021-10-29T16:30:28.610] [INFO] default - sending open rooms sessions
[2021-10-29T16:30:29.847] [INFO] default - the user: 5uM6wyQFyXrRdaoKAAAH has connected
[2021-10-29T16:30:29.847] [INFO] default - getting current rooms sessions
[2021-10-29T16:30:29.847] [INFO] default - sending open rooms sessions
[2021-10-29T16:30:30.275] [INFO] default - the user: lul8yVHjVQKj09HUAAAJ has connected
[2021-10-29T16:30:30.275] [INFO] default - getting current rooms sessions
[2021-10-29T16:30:30.275] [INFO] default - sending open rooms sessions
[2021-10-29T16:30:31.820] [INFO] default - the user: jjBtdZXc5iBFQujxAAAL has connected
[2021-10-29T16:30:31.820] [INFO] default - getting current rooms sessions
[2021-10-29T16:30:31.820] [INFO] default - sending open rooms sessions
[2021-10-29T16:30:31.855] [INFO] default - the user: EYmj0SFuYUOvbDZjAAAN has connected
[2021-10-29T16:30:31.855] [INFO] default - getting current rooms sessions
[2021-10-29T16:30:31.855] [INFO] default - sending open rooms sessions
[2021-10-29T16:30:32.358] [INFO] default - the user: j9qta2fL6H3sq-NKAAAP has connected
[2021-10-29T16:30:32.358] [INFO] default - getting current rooms sessions
[2021-10-29T16:30:32.359] [INFO] default - sending open rooms sessions
[2021-10-29T16:30:36.520] [INFO] default - socket services loaded
[2021-10-29T16:30:36.526] [INFO] default - server stated, port: 3001
[2021-10-29T16:30:40.418] [INFO] default - the user: CZ4afXCNUS7huimXAAAC has connected
[2021-10-29T16:30:40.418] [INFO] default - getting current rooms sessions
[2021-10-29T16:30:40.419] [INFO] default - sending open rooms sessions
[2021-10-29T16:30:41.946] [INFO] default - the user: Li7uILIhmpxuTRrcAAAE has connected
[2021-10-29T16:30:41.946] [INFO] default - getting current rooms sessions
[2021-10-29T16:30:41.946] [INFO] default - sending open rooms sessions
[2021-10-29T16:30:42.734] [INFO] default - the user: ZtbQTMjWdxdAN2gEAAAG has connected
[2021-10-29T16:30:42.734] [INFO] default - getting current rooms sessions
[2021-10-29T16:30:42.735] [INFO] default - sending open rooms sessions
[2021-10-29T16:30:43.219] [INFO] default - the user: Tiw6o1MUwMa76yrsAAAI has connected
[2021-10-29T16:30:43.219] [INFO] default - getting current rooms sessions
[2021-10-29T16:30:43.220] [INFO] default - sending open rooms sessions
[2021-10-29T16:30:43.592] [INFO] default - the user: huuLULQX1LW9xkAoAAAK has connected
[2021-10-29T16:30:43.592] [INFO] default - getting current rooms sessions
[2021-10-29T16:30:43.593] [INFO] default - sending open rooms sessions
[2021-10-29T16:30:43.803] [INFO] default - the user: 7Zw4TRpG4YR4hXb4AAAM has connected
[2021-10-29T16:30:43.803] [INFO] default - getting current rooms sessions
[2021-10-29T16:30:43.803] [INFO] default - sending open rooms sessions
[2021-10-29T16:30:44.368] [INFO] default - the user: U_he0kfcjS5ml4sVAAAO has connected
[2021-10-29T16:30:44.368] [INFO] default - getting current rooms sessions
[2021-10-29T16:30:44.369] [INFO] default - sending open rooms sessions
[2021-10-29T16:30:45.418] [INFO] default - the user: apQ-qop7JFtPj4uhAAAQ has connected
[2021-10-29T16:30:45.418] [INFO] default - getting current rooms sessions
[2021-10-29T16:30:45.419] [INFO] default - sending open rooms sessions
[2021-10-29T16:30:56.383] [INFO] default - socket services loaded
[2021-10-29T16:30:56.388] [INFO] default - server stated, port: 3001
[2021-10-29T16:30:58.193] [INFO] default - the user: A6wpVKrBO-sUAFgeAAAB has connected
[2021-10-29T16:30:58.193] [INFO] default - getting current rooms sessions
[2021-10-29T16:30:58.194] [INFO] default - sending open rooms sessions
[2021-10-29T16:30:58.203] [INFO] default - the user: DVPMo3szsiBU4KSVAAAD has connected
[2021-10-29T16:30:58.203] [INFO] default - getting current rooms sessions
[2021-10-29T16:30:58.204] [INFO] default - sending open rooms sessions
[2021-10-29T16:30:58.265] [INFO] default - the user: SEVvj0Ik5LsYI_eRAAAF has connected
[2021-10-29T16:30:58.265] [INFO] default - getting current rooms sessions
[2021-10-29T16:30:58.265] [INFO] default - sending open rooms sessions
[2021-10-29T16:31:00.339] [INFO] default - the user: ZINzqkYwRLNYBmdtAAAH has connected
[2021-10-29T16:31:00.340] [INFO] default - getting current rooms sessions
[2021-10-29T16:31:00.340] [INFO] default - sending open rooms sessions
[2021-10-29T16:31:01.109] [INFO] default - the user: O39ULxHVHT93SkfvAAAJ has connected
[2021-10-29T16:31:01.110] [INFO] default - getting current rooms sessions
[2021-10-29T16:31:01.110] [INFO] default - sending open rooms sessions
[2021-10-29T16:31:01.284] [INFO] default - the user: kedaFuTkAdpzItLpAAAL has connected
[2021-10-29T16:31:01.284] [INFO] default - getting current rooms sessions
[2021-10-29T16:31:01.284] [INFO] default - sending open rooms sessions
[2021-10-29T16:31:01.473] [INFO] default - the user: BZsG9YvMX_hSbh0XAAAN has connected
[2021-10-29T16:31:01.473] [INFO] default - getting current rooms sessions
[2021-10-29T16:31:01.474] [INFO] default - sending open rooms sessions
[2021-10-29T16:31:02.072] [INFO] default - the user: LghMNVifUd99IVx1AAAP has connected
[2021-10-29T16:31:02.072] [INFO] default - getting current rooms sessions
[2021-10-29T16:31:02.073] [INFO] default - sending open rooms sessions
[2021-10-29T16:31:07.999] [INFO] default - getting current rooms sessions
[2021-10-29T16:31:07.999] [INFO] default - sending open rooms sessions
[2021-10-29T16:31:07.999] [INFO] default - the user: DVPMo3szsiBU4KSVAAAD has disconnecting
[2021-10-29T16:31:08.162] [INFO] default - the user: 15-lTuESrkSZSOVtAAAR has connected
[2021-10-29T16:31:08.162] [INFO] default - getting current rooms sessions
[2021-10-29T16:31:08.162] [INFO] default - sending open rooms sessions
[2021-10-29T16:31:13.493] [INFO] default - the user: 15-lTuESrkSZSOVtAAAR has join the room: 93989b5f-d9af-436b-89b4-b5b2ba937a3d
[2021-10-29T16:31:13.493] [INFO] default - getting current rooms sessions
[2021-10-29T16:31:13.493] [INFO] default - getting current rooms sessions
[2021-10-29T16:31:13.494] [INFO] default - sending open rooms sessions
[2021-10-29T16:31:34.163] [INFO] default - getting current rooms sessions
[2021-10-29T16:31:34.164] [INFO] default - sending open rooms sessions
[2021-10-29T16:31:34.164] [INFO] default - the user: kedaFuTkAdpzItLpAAAL has disconnecting
[2021-10-29T16:31:36.695] [INFO] default - getting current rooms sessions
[2021-10-29T16:31:36.696] [INFO] default - sending open rooms sessions
[2021-10-29T16:31:36.696] [INFO] default - the user: A6wpVKrBO-sUAFgeAAAB has disconnecting
[2021-10-29T16:31:37.250] [INFO] default - getting current rooms sessions
[2021-10-29T16:31:37.250] [INFO] default - sending open rooms sessions
[2021-10-29T16:31:37.250] [INFO] default - the user: LghMNVifUd99IVx1AAAP has disconnecting
[2021-10-29T16:31:37.964] [INFO] default - getting current rooms sessions
[2021-10-29T16:31:37.964] [INFO] default - sending open rooms sessions
[2021-10-29T16:31:37.964] [INFO] default - the user: O39ULxHVHT93SkfvAAAJ has disconnecting
[2021-10-29T16:31:38.959] [INFO] default - getting current rooms sessions
[2021-10-29T16:31:38.960] [INFO] default - sending open rooms sessions
[2021-10-29T16:31:38.960] [INFO] default - the user: SEVvj0Ik5LsYI_eRAAAF has disconnecting
[2021-10-29T16:31:39.456] [INFO] default - getting current rooms sessions
[2021-10-29T16:31:39.457] [INFO] default - sending open rooms sessions
[2021-10-29T16:31:39.457] [INFO] default - the user: BZsG9YvMX_hSbh0XAAAN has disconnecting
[2021-10-29T16:31:39.921] [INFO] default - getting current rooms sessions
[2021-10-29T16:31:39.922] [INFO] default - sending open rooms sessions
[2021-10-29T16:31:39.922] [INFO] default - the user: ZINzqkYwRLNYBmdtAAAH has disconnecting
[2021-10-29T16:32:38.187] [INFO] default - the user: IWic3NcnX5PdgrlzAAAT has connected
[2021-10-29T16:32:38.187] [INFO] default - getting current rooms sessions
[2021-10-29T16:32:38.188] [INFO] default - sending open rooms sessions
[2021-10-29T16:32:41.437] [INFO] default - the user: IWic3NcnX5PdgrlzAAAT has join the room: 93989b5f-d9af-436b-89b4-b5b2ba937a3d
[2021-10-29T16:32:41.437] [INFO] default - getting current rooms sessions
[2021-10-29T16:32:41.438] [INFO] default - getting current rooms sessions
[2021-10-29T16:32:41.438] [INFO] default - sending open rooms sessions
[2021-10-29T16:34:33.327] [INFO] default - the user: kC2HHeIpoxSbin5XAAAV has connected
[2021-10-29T16:34:33.327] [INFO] default - getting current rooms sessions
[2021-10-29T16:34:33.327] [INFO] default - sending open rooms sessions
[2021-10-29T16:34:36.267] [INFO] default - the user: kC2HHeIpoxSbin5XAAAV has join the room: 93989b5f-d9af-436b-89b4-b5b2ba937a3d
[2021-10-29T16:34:36.267] [INFO] default - getting current rooms sessions
[2021-10-29T16:34:36.267] [INFO] default - getting current rooms sessions
[2021-10-29T16:34:36.267] [INFO] default - sending open rooms sessions
